<?xml version="1.0" encoding="UTF-8"?>
<coverage generated="1778249518419" clover="3.2.0">
  <project timestamp="1778249518419" name="All files">
    <metrics statements="35" coveredstatements="34" conditionals="12" coveredconditionals="11" methods="6" coveredmethods="6" elements="53" coveredelements="51" complexity="0" loc="35" ncloc="35" packages="1" files="1" classes="1"/>
    <file name="authService.js" path="/Users/goncalocorreia/Library/CloudStorage/OneDrive-ESTGV/3º Ano/2º Semestre/ES2/greenherb-api/src/services/authService.js">
      <metrics statements="35" coveredstatements="34" conditionals="12" coveredconditionals="11" methods="6" coveredmethods="6"/>
      <line num="1" count="1" type="stmt"/>
      <line num="2" count="1" type="stmt"/>
      <line num="4" count="1" type="cond" truecount="2" falsecount="0"/>
      <line num="7" count="1" type="stmt"/>
      <line num="9" count="1" type="stmt"/>
      <line num="10" count="10" type="stmt"/>
      <line num="11" count="10" type="cond" truecount="2" falsecount="0"/>
      <line num="12" count="1" type="stmt"/>
      <line num="14" count="9" type="stmt"/>
      <line num="15" count="9" type="cond" truecount="2" falsecount="0"/>
      <line num="16" count="1" type="stmt"/>
      <line num="18" count="8" type="stmt"/>
      <line num="19" count="8" type="stmt"/>
      <line num="20" count="8" type="stmt"/>
      <line num="21" count="8" type="stmt"/>
      <line num="24" count="1" type="stmt"/>
      <line num="25" count="4" type="stmt"/>
      <line num="26" count="4" type="cond" truecount="2" falsecount="0"/>
      <line num="27" count="1" type="stmt"/>
      <line num="29" count="3" type="stmt"/>
      <line num="30" count="3" type="cond" truecount="2" falsecount="0"/>
      <line num="31" count="1" type="stmt"/>
      <line num="33" count="2" type="stmt"/>
      <line num="38" count="2" type="stmt"/>
      <line num="43" count="2" type="stmt"/>
      <line num="46" count="1" type="stmt"/>
      <line num="47" count="2" type="stmt"/>
      <line num="48" count="2" type="stmt"/>
      <line num="49" count="1" type="stmt"/>
      <line num="50" count="1" type="cond" truecount="1" falsecount="1"/>
      <line num="51" count="0" type="stmt"/>
      <line num="53" count="1" type="stmt"/>
      <line num="58" count="1" type="stmt"/>
      <line num="60" count="1" type="stmt"/>
      <line num="64" count="1" type="stmt"/>
    </file>
  </project>
</coverage>
