{"/Users/goncalocorreia/Library/CloudStorage/OneDrive-ESTGV/3º Ano/2º Semestre/ES2/greenherb-api/src/services/authService.js": {"path":"/Users/goncalocorreia/Library/CloudStorage/OneDrive-ESTGV/3º Ano/2º Semestre/ES2/greenherb-api/src/services/authService.js","statementMap":{"0":{"start":{"line":1,"column":12},"end":{"line":1,"column":35}},"1":{"start":{"line":2,"column":15},"end":{"line":2,"column":34}},"2":{"start":{"line":4,"column":15},"end":{"line":4,"column":59}},"3":{"start":{"line":7,"column":14},"end":{"line":7,"column":16}},"4":{"start":{"line":9,"column":17},"end":{"line":22,"column":1}},"5":{"start":{"line":10,"column":23},"end":{"line":10,"column":66}},"6":{"start":{"line":11,"column":4},"end":{"line":13,"column":5}},"7":{"start":{"line":12,"column":8},"end":{"line":12,"column":43}},"8":{"start":{"line":14,"column":21},"end":{"line":14,"column":61}},"9":{"start":{"line":14,"column":37},"end":{"line":14,"column":60}},"10":{"start":{"line":15,"column":4},"end":{"line":17,"column":5}},"11":{"start":{"line":16,"column":8},"end":{"line":16,"column":48}},"12":{"start":{"line":18,"column":19},"end":{"line":18,"column":50}},"13":{"start":{"line":19,"column":17},"end":{"line":19,"column":75}},"14":{"start":{"line":20,"column":4},"end":{"line":20,"column":21}},"15":{"start":{"line":21,"column":4},"end":{"line":21,"column":43}},"16":{"start":{"line":24,"column":14},"end":{"line":44,"column":1}},"17":{"start":{"line":25,"column":17},"end":{"line":25,"column":57}},"18":{"start":{"line":25,"column":33},"end":{"line":25,"column":56}},"19":{"start":{"line":26,"column":4},"end":{"line":28,"column":5}},"20":{"start":{"line":27,"column":8},"end":{"line":27,"column":49}},"21":{"start":{"line":29,"column":18},"end":{"line":29,"column":63}},"22":{"start":{"line":30,"column":4},"end":{"line":32,"column":5}},"23":{"start":{"line":31,"column":8},"end":{"line":31,"column":49}},"24":{"start":{"line":33,"column":18},"end":{"line":37,"column":5}},"25":{"start":{"line":38,"column":25},"end":{"line":42,"column":5}},"26":{"start":{"line":43,"column":4},"end":{"line":43,"column":35}},"27":{"start":{"line":46,"column":16},"end":{"line":62,"column":1}},"28":{"start":{"line":47,"column":4},"end":{"line":61,"column":5}},"29":{"start":{"line":48,"column":24},"end":{"line":48,"column":56}},"30":{"start":{"line":49,"column":21},"end":{"line":49,"column":57}},"31":{"start":{"line":49,"column":37},"end":{"line":49,"column":56}},"32":{"start":{"line":50,"column":8},"end":{"line":52,"column":9}},"33":{"start":{"line":51,"column":12},"end":{"line":51,"column":57}},"34":{"start":{"line":53,"column":22},"end":{"line":57,"column":9}},"35":{"start":{"line":58,"column":8},"end":{"line":58,"column":25}},"36":{"start":{"line":60,"column":8},"end":{"line":60,"column":50}},"37":{"start":{"line":64,"column":0},"end":{"line":64,"column":53}}},"fnMap":{"0":{"name":"(anonymous_0)","decl":{"start":{"line":9,"column":17},"end":{"line":9,"column":18}},"loc":{"start":{"line":9,"column":53},"end":{"line":22,"column":1}},"line":9},"1":{"name":"(anonymous_1)","decl":{"start":{"line":14,"column":32},"end":{"line":14,"column":33}},"loc":{"start":{"line":14,"column":37},"end":{"line":14,"column":60}},"line":14},"2":{"name":"(anonymous_2)","decl":{"start":{"line":24,"column":14},"end":{"line":24,"column":15}},"loc":{"start":{"line":24,"column":44},"end":{"line":44,"column":1}},"line":24},"3":{"name":"(anonymous_3)","decl":{"start":{"line":25,"column":28},"end":{"line":25,"column":29}},"loc":{"start":{"line":25,"column":33},"end":{"line":25,"column":56}},"line":25},"4":{"name":"(anonymous_4)","decl":{"start":{"line":46,"column":16},"end":{"line":46,"column":17}},"loc":{"start":{"line":46,"column":34},"end":{"line":62,"column":1}},"line":46},"5":{"name":"(anonymous_5)","decl":{"start":{"line":49,"column":32},"end":{"line":49,"column":33}},"loc":{"start":{"line":49,"column":37},"end":{"line":49,"column":56}},"line":49}},"branchMap":{"0":{"loc":{"start":{"line":4,"column":15},"end":{"line":4,"column":59}},"type":"binary-expr","locations":[{"start":{"line":4,"column":15},"end":{"line":4,"column":37}},{"start":{"line":4,"column":41},"end":{"line":4,"column":59}}],"line":4},"1":{"loc":{"start":{"line":11,"column":4},"end":{"line":13,"column":5}},"type":"if","locations":[{"start":{"line":11,"column":4},"end":{"line":13,"column":5}},{"start":{},"end":{}}],"line":11},"2":{"loc":{"start":{"line":15,"column":4},"end":{"line":17,"column":5}},"type":"if","locations":[{"start":{"line":15,"column":4},"end":{"line":17,"column":5}},{"start":{},"end":{}}],"line":15},"3":{"loc":{"start":{"line":26,"column":4},"end":{"line":28,"column":5}},"type":"if","locations":[{"start":{"line":26,"column":4},"end":{"line":28,"column":5}},{"start":{},"end":{}}],"line":26},"4":{"loc":{"start":{"line":30,"column":4},"end":{"line":32,"column":5}},"type":"if","locations":[{"start":{"line":30,"column":4},"end":{"line":32,"column":5}},{"start":{},"end":{}}],"line":30},"5":{"loc":{"start":{"line":50,"column":8},"end":{"line":52,"column":9}},"type":"if","locations":[{"start":{"line":50,"column":8},"end":{"line":52,"column":9}},{"start":{},"end":{}}],"line":50}},"s":{"0":1,"1":1,"2":1,"3":1,"4":1,"5":10,"6":10,"7":1,"8":9,"9":1,"10":9,"11":1,"12":8,"13":8,"14":8,"15":8,"16":1,"17":4,"18":4,"19":4,"20":1,"21":3,"22":3,"23":1,"24":2,"25":2,"26":2,"27":1,"28":2,"29":2,"30":1,"31":1,"32":1,"33":0,"34":1,"35":1,"36":1,"37":1},"f":{"0":10,"1":1,"2":4,"3":4,"4":2,"5":1},"b":{"0":[1,1],"1":[1,9],"2":[1,8],"3":[1,3],"4":[1,2],"5":[0,1]},"_coverageSchema":"1a1c01bbd47fc00a2c39e90264f33305004495a9","hash":"d4c791c948fecfbc094f420514b5875de1cdf930"}
}
