TN:
SF:src/services/authService.js
FN:9,(anonymous_0)
FN:14,(anonymous_1)
FN:24,(anonymous_2)
FN:25,(anonymous_3)
FN:46,(anonymous_4)
FN:49,(anonymous_5)
FNF:6
FNH:6
FNDA:10,(anonymous_0)
FNDA:1,(anonymous_1)
FNDA:4,(anonymous_2)
FNDA:4,(anonymous_3)
FNDA:2,(anonymous_4)
FNDA:1,(anonymous_5)
DA:1,1
DA:2,1
DA:4,1
DA:7,1
DA:9,1
DA:10,10
DA:11,10
DA:12,1
DA:14,9
DA:15,9
DA:16,1
DA:18,8
DA:19,8
DA:20,8
DA:21,8
DA:24,1
DA:25,4
DA:26,4
DA:27,1
DA:29,3
DA:30,3
DA:31,1
DA:33,2
DA:38,2
DA:43,2
DA:46,1
DA:47,2
DA:48,2
DA:49,1
DA:50,1
DA:51,0
DA:53,1
DA:58,1
DA:60,1
DA:64,1
LF:35
LH:34
BRDA:4,0,0,1
BRDA:4,0,1,1
BRDA:11,1,0,1
BRDA:11,1,1,9
BRDA:15,2,0,1
BRDA:15,2,1,8
BRDA:26,3,0,1
BRDA:26,3,1,3
BRDA:30,4,0,1
BRDA:30,4,1,2
BRDA:50,5,0,0
BRDA:50,5,1,1
BRF:12
BRH:11
end_of_record
